<?xml version="1.0" encoding="UTF-8"?>
<!-- Generated by org.testng.reporters.JUnitReportReporter -->
<testsuite skipped="0" hostname="rtsubhro-PC" name="testrunners.TestNGTestRunner" tests="4" failures="1" timestamp="2022-04-17T13:09:12 EDT" time="571.519" errors="0">
  <testcase name="runScenario" time="137.971" classname="testrunners.TestNGTestRunner">
    <failure type="java.lang.AssertionError" message="Landing Page Product Name: Beetroot does not match Top Deals Page Product Name: No data">
      <![CDATA[java.lang.AssertionError: Landing Page Product Name: Beetroot does not match Top Deals Page Product Name: No data
at org.testng.Assert.fail(Assert.java:99)
at stepdefinitions.TopDealsPageTestDefinitions.actual_product_name_on_both_landing_page_and_top_deals_page_should_match(TopDealsPageTestDefinitions.java:49)
at ✽.actual product name on both Landing Page and Top Deals Page should match(file:///C:/Selenium-Java-Eudemy/workspace/BDDCucumberFramework/src/test/java/features/SearchProduct.feature:8)
]]>
    </failure>
  </testcase> <!-- runScenario -->
  <system-out/>
  <testcase name="runScenario" time="148.265" classname="testrunners.TestNGTestRunner"/>
  <system-out/>
  <testcase name="runScenario" time="137.545" classname="testrunners.TestNGTestRunner"/>
  <system-out/>
  <testcase name="runScenario" time="147.738" classname="testrunners.TestNGTestRunner"/>
  <system-out/>
</testsuite> <!-- testrunners.TestNGTestRunner -->
