<?xml version="1.0" encoding="UTF-8"?>
<!-- Generated by org.testng.reporters.JUnitReportReporter -->
<testsuite skipped="0" hostname="rtsubhro-PC" name="testrunners.FailedTestNGTestRunner" tests="1" failures="1" timestamp="2022-04-13T16:17:31 EDT" time="23.009" errors="0">
  <testcase name="runScenario" time="23.009" classname="testrunners.FailedTestNGTestRunner">
    <failure type="java.lang.AssertionError" message="Landing Page Product Name: Beetroot does not match Top Deals Page Product Name: No data">
      <![CDATA[java.lang.AssertionError: Landing Page Product Name: Beetroot does not match Top Deals Page Product Name: No data
at org.testng.Assert.fail(Assert.java:99)
at stepdefinitions.TopDealsPageTestDefinitions.actual_page_name_on_both_landing_page_and_top_deals_page_should_match(TopDealsPageTestDefinitions.java:49)
at ✽.actual page name on both Landing Page and Top Deals Page should match(file:///C:/Selenium-Java-Eudemy/workspace/BDDCucumberFramework/src/test/java/features/SearchProduct.feature:8)
]]>
    </failure>
  </testcase> <!-- runScenario -->
  <system-out/>
</testsuite> <!-- testrunners.FailedTestNGTestRunner -->
